{"/Users/briancabbott/dev_space/TrueMark/XMatters/project-code/xmatters-client/ts-projen-src2/src/index.ts": {"path":"/Users/briancabbott/dev_space/TrueMark/XMatters/project-code/xmatters-client/ts-projen-src2/src/index.ts","statementMap":{"0":{"start":{"line":3,"column":4},"end":{"line":3,"column":27}},"1":{"start":{"line":1,"column":0},"end":{"line":1,"column":13}}},"fnMap":{"0":{"name":"(anonymous_0)","decl":{"start":{"line":2,"column":9},"end":{"line":2,"column":17}},"loc":{"start":{"line":2,"column":17},"end":{"line":4,"column":3}}}},"branchMap":{},"s":{"0":1,"1":1},"f":{"0":1},"b":{}}
}
